<?xml version="1.0" encoding="UTF-8"?>
<!-- Generated by org.testng.reporters.JUnitReportReporter -->
<testsuite skipped="0" hostname="Niranjan" name="com.testcases.CreateAccount" tests="1" failures="0" timestamp="21 Aug 2017 09:09:03 GMT" time="85.925" errors="0">
  <testcase name="testng" time="85.925" classname="com.testcases.CreateAccount"/>
</testsuite> <!-- com.testcases.CreateAccount -->
